Build started 05-04-2014 12:26:11.
     1>Project "c:\Users\Krishna\documents\visual studio 2010\Projects\youtube_face_detection\youtube_face_detection\youtube_face_detection.vcxproj" on node 2 (build target(s)).
     1>InitializeBuildStatus:
         Creating "Debug\youtube_face_detection.unsuccessfulbuild" because "AlwaysCreate" was specified.
       ClCompile:
         c:\Program Files (x86)\Microsoft Visual Studio 10.0\VC\bin\CL.exe /c /IC:\Users\Krishna\Downloads\Programs\opencv\build\include /ZI /nologo /W3 /WX- /Od /Oy- /D WIN32 /D _DEBUG /D _CONSOLE /D _UNICODE /D UNICODE /Gm /EHsc /RTC1 /MDd /GS /fp:precise /Zc:wchar_t /Zc:forScope /Fo"Debug\\" /Fd"Debug\vc100.pdb" /Gd /TP /analyze- /errorReport:prompt main.cpp
         main.cpp
     1>c:\users\krishna\downloads\programs\opencv\build\include\opencv2\flann\logger.h(66): warning C4996: 'fopen': This function or variable may be unsafe. Consider using fopen_s instead. To disable deprecation, use _CRT_SECURE_NO_WARNINGS. See online help for details.
                 c:\program files (x86)\microsoft visual studio 10.0\vc\include\stdio.h(234) : see declaration of 'fopen'
     1>c:\users\krishna\documents\visual studio 2010\projects\youtube_face_detection\youtube_face_detection\main.cpp(39): warning C4018: '<' : signed/unsigned mismatch
     1>c:\users\krishna\documents\visual studio 2010\projects\youtube_face_detection\youtube_face_detection\main.cpp(48): warning C4244: 'argument' : conversion from 'double' to 'int', possible loss of data
     1>c:\users\krishna\documents\visual studio 2010\projects\youtube_face_detection\youtube_face_detection\main.cpp(48): warning C4244: 'argument' : conversion from 'double' to 'int', possible loss of data
       ManifestResourceCompile:
         All outputs are up-to-date.
       Link:
         c:\Program Files (x86)\Microsoft Visual Studio 10.0\VC\bin\link.exe /ERRORREPORT:PROMPT /OUT:"c:\users\krishna\documents\visual studio 2010\Projects\youtube_face_detection\Debug\youtube_face_detection.exe" /INCREMENTAL /NOLOGO /LIBPATH:C:\Users\Krishna\Downloads\Programs\opencv\build\x86\vc10\lib opencv_calib3d246d.lib opencv_contrib246d.lib opencv_core246d.lib opencv_features2d246d.lib opencv_highgui246d.lib opencv_imgproc246d.lib opencv_legacy246d.lib opencv_nonfree246d.lib opencv_objdetect246d.lib opencv_photo246d.lib opencv_stitching246d.lib opencv_video246d.lib opencv_videostab246d.lib kernel32.lib user32.lib gdi32.lib winspool.lib comdlg32.lib advapi32.lib shell32.lib ole32.lib oleaut32.lib uuid.lib odbc32.lib odbccp32.lib /MANIFEST /ManifestFile:"Debug\youtube_face_detection.exe.intermediate.manifest" /MANIFESTUAC:"level='asInvoker' uiAccess='false'" /DEBUG /PDB:"c:\users\krishna\documents\visual studio 2010\Projects\youtube_face_detection\Debug\youtube_face_detection.pdb" /SUBSYSTEM:CONSOLE /TLBID:1 /DYNAMICBASE /NXCOMPAT /IMPLIB:"c:\users\krishna\documents\visual studio 2010\Projects\youtube_face_detection\Debug\youtube_face_detection.lib" /MACHINE:X86 Debug\youtube_face_detection.exe.embed.manifest.res
         Debug\main.obj
       Manifest:
         C:\Program Files (x86)\Microsoft SDKs\Windows\v7.0A\bin\mt.exe /nologo /verbose /out:"Debug\youtube_face_detection.exe.embed.manifest" /manifest Debug\youtube_face_detection.exe.intermediate.manifest
         All outputs are up-to-date.
       LinkEmbedManifest:
         All outputs are up-to-date.
         youtube_face_detection.vcxproj -> c:\users\krishna\documents\visual studio 2010\Projects\youtube_face_detection\Debug\youtube_face_detection.exe
       FinalizeBuildStatus:
         Deleting file "Debug\youtube_face_detection.unsuccessfulbuild".
         Touching "Debug\youtube_face_detection.lastbuildstate".
     1>Done Building Project "c:\Users\Krishna\documents\visual studio 2010\Projects\youtube_face_detection\youtube_face_detection\youtube_face_detection.vcxproj" (build target(s)).

Build succeeded.

Time Elapsed 00:00:02.52
